mkgmels73
*** Found local files:
***   * /home/mohamed/airflow/logs/dag_id=preprocess_data_dag/run_id=manual__2024-04-14T16:12:04.061706+00:00/task_id=clean_data/attempt=1.log
[2024-04-14T18:12:16.976+0200] {local_task_job_runner.py:120} INFO - ::group::Pre task execution logs
[2024-04-14T18:12:17.020+0200] {taskinstance.py:2073} INFO - Dependencies all met for dep_context=non-requeueable deps ti=<TaskInstance: preprocess_data_dag.clean_data manual__2024-04-14T16:12:04.061706+00:00 [queued]>
[2024-04-14T18:12:17.037+0200] {taskinstance.py:2073} INFO - Dependencies all met for dep_context=requeueable deps ti=<TaskInstance: preprocess_data_dag.clean_data manual__2024-04-14T16:12:04.061706+00:00 [queued]>
[2024-04-14T18:12:17.038+0200] {taskinstance.py:2303} INFO - Starting attempt 1 of 2
[2024-04-14T18:12:17.070+0200] {taskinstance.py:2327} INFO - Executing <Task(PythonOperator): clean_data> on 2024-04-14 16:12:04.061706+00:00
[2024-04-14T18:12:17.074+0200] {standard_task_runner.py:63} INFO - Started process 45768 to run task
[2024-04-14T18:12:17.080+0200] {standard_task_runner.py:90} INFO - Running: ['airflow', 'tasks', 'run', 'preprocess_data_dag', 'clean_data', 'manual__2024-04-14T16:12:04.061706+00:00', '--job-id', '40', '--raw', '--subdir', 'DAGS_FOLDER/preprocess_data_dag.py', '--cfg-path', '/tmp/tmpky858v2c']
[2024-04-14T18:12:17.084+0200] {standard_task_runner.py:91} INFO - Job 40: Subtask clean_data
[2024-04-14T18:12:17.174+0200] {task_command.py:426} INFO - Running <TaskInstance: preprocess_data_dag.clean_data manual__2024-04-14T16:12:04.061706+00:00 [running]> on host mkgmels73
[2024-04-14T18:12:17.323+0200] {taskinstance.py:2644} INFO - Exporting env vars: AIRFLOW_CTX_DAG_OWNER='mkgmels' AIRFLOW_CTX_DAG_ID='preprocess_data_dag' AIRFLOW_CTX_TASK_ID='clean_data' AIRFLOW_CTX_EXECUTION_DATE='2024-04-14T16:12:04.061706+00:00' AIRFLOW_CTX_TRY_NUMBER='1' AIRFLOW_CTX_DAG_RUN_ID='manual__2024-04-14T16:12:04.061706+00:00'
[2024-04-14T18:12:17.324+0200] {taskinstance.py:430} INFO - ::endgroup::
[2024-04-14T18:12:18.317+0200] {python.py:237} INFO - Done. Returned value was: None
[2024-04-14T18:12:18.319+0200] {taskinstance.py:441} INFO - ::group::Post task execution logs
[2024-04-14T18:12:18.327+0200] {taskinstance.py:1205} INFO - Marking task as SUCCESS. dag_id=preprocess_data_dag, task_id=clean_data, execution_date=20240414T161204, start_date=20240414T161217, end_date=20240414T161218
[2024-04-14T18:12:18.382+0200] {local_task_job_runner.py:240} INFO - Task exited with return code 0
[2024-04-14T18:12:18.430+0200] {taskinstance.py:3482} INFO - 1 downstream tasks scheduled from follow-on schedule check
[2024-04-14T18:12:18.438+0200] {local_task_job_runner.py:222} INFO - ::endgroup::
