mkgmels73
*** Found local files:
***   * /home/mohamed/airflow/logs/dag_id=preprocess_data_dag/run_id=manual__2024-04-14T16:12:04.061706+00:00/task_id=copy_data/attempt=1.log
[2024-04-14T18:12:43.900+0200] {local_task_job_runner.py:120} INFO - ::group::Pre task execution logs
[2024-04-14T18:12:43.960+0200] {taskinstance.py:2073} INFO - Dependencies all met for dep_context=non-requeueable deps ti=<TaskInstance: preprocess_data_dag.copy_data manual__2024-04-14T16:12:04.061706+00:00 [queued]>
[2024-04-14T18:12:43.987+0200] {taskinstance.py:2073} INFO - Dependencies all met for dep_context=requeueable deps ti=<TaskInstance: preprocess_data_dag.copy_data manual__2024-04-14T16:12:04.061706+00:00 [queued]>
[2024-04-14T18:12:43.988+0200] {taskinstance.py:2303} INFO - Starting attempt 1 of 2
[2024-04-14T18:12:44.024+0200] {taskinstance.py:2327} INFO - Executing <Task(BashOperator): copy_data> on 2024-04-14 16:12:04.061706+00:00
[2024-04-14T18:12:44.029+0200] {standard_task_runner.py:63} INFO - Started process 45824 to run task
[2024-04-14T18:12:44.035+0200] {standard_task_runner.py:90} INFO - Running: ['airflow', 'tasks', 'run', 'preprocess_data_dag', 'copy_data', 'manual__2024-04-14T16:12:04.061706+00:00', '--job-id', '44', '--raw', '--subdir', 'DAGS_FOLDER/preprocess_data_dag.py', '--cfg-path', '/tmp/tmpn8nnrq_h']
[2024-04-14T18:12:44.038+0200] {standard_task_runner.py:91} INFO - Job 44: Subtask copy_data
[2024-04-14T18:12:44.114+0200] {task_command.py:426} INFO - Running <TaskInstance: preprocess_data_dag.copy_data manual__2024-04-14T16:12:04.061706+00:00 [running]> on host mkgmels73
[2024-04-14T18:12:44.251+0200] {taskinstance.py:2644} INFO - Exporting env vars: AIRFLOW_CTX_DAG_OWNER='mkgmels' AIRFLOW_CTX_DAG_ID='preprocess_data_dag' AIRFLOW_CTX_TASK_ID='copy_data' AIRFLOW_CTX_EXECUTION_DATE='2024-04-14T16:12:04.061706+00:00' AIRFLOW_CTX_TRY_NUMBER='1' AIRFLOW_CTX_DAG_RUN_ID='manual__2024-04-14T16:12:04.061706+00:00'
[2024-04-14T18:12:44.255+0200] {taskinstance.py:430} INFO - ::endgroup::
[2024-04-14T18:12:44.277+0200] {subprocess.py:63} INFO - Tmp dir root location: /tmp
[2024-04-14T18:12:44.278+0200] {subprocess.py:75} INFO - Running command: ['/usr/bin/bash', '-c', 'cp /home/mohamed/filtered_scooters.csv /home/mohamed/Desktop']
[2024-04-14T18:12:44.293+0200] {subprocess.py:86} INFO - Output:
[2024-04-14T18:12:44.296+0200] {subprocess.py:97} INFO - Command exited with return code 0
[2024-04-14T18:12:44.297+0200] {taskinstance.py:441} INFO - ::group::Post task execution logs
[2024-04-14T18:12:44.330+0200] {taskinstance.py:1205} INFO - Marking task as SUCCESS. dag_id=preprocess_data_dag, task_id=copy_data, execution_date=20240414T161204, start_date=20240414T161243, end_date=20240414T161244
[2024-04-14T18:12:44.368+0200] {local_task_job_runner.py:240} INFO - Task exited with return code 0
[2024-04-14T18:12:44.390+0200] {taskinstance.py:3482} INFO - 0 downstream tasks scheduled from follow-on schedule check
[2024-04-14T18:12:44.392+0200] {local_task_job_runner.py:222} INFO - ::endgroup::
