mkgmels73
*** Found local files:
***   * /home/mohamed/airflow/logs/dag_id=preprocess_data_dag/run_id=manual__2024-04-14T16:12:04.061706+00:00/task_id=filter_data/attempt=1.log
[2024-04-14T18:12:29.629+0200] {local_task_job_runner.py:120} INFO - ::group::Pre task execution logs
[2024-04-14T18:12:29.693+0200] {taskinstance.py:2073} INFO - Dependencies all met for dep_context=non-requeueable deps ti=<TaskInstance: preprocess_data_dag.filter_data manual__2024-04-14T16:12:04.061706+00:00 [queued]>
[2024-04-14T18:12:29.713+0200] {taskinstance.py:2073} INFO - Dependencies all met for dep_context=requeueable deps ti=<TaskInstance: preprocess_data_dag.filter_data manual__2024-04-14T16:12:04.061706+00:00 [queued]>
[2024-04-14T18:12:29.714+0200] {taskinstance.py:2303} INFO - Starting attempt 1 of 2
[2024-04-14T18:12:29.755+0200] {taskinstance.py:2327} INFO - Executing <Task(PythonOperator): filter_data> on 2024-04-14 16:12:04.061706+00:00
[2024-04-14T18:12:29.764+0200] {standard_task_runner.py:63} INFO - Started process 45793 to run task
[2024-04-14T18:12:29.769+0200] {standard_task_runner.py:90} INFO - Running: ['airflow', 'tasks', 'run', 'preprocess_data_dag', 'filter_data', 'manual__2024-04-14T16:12:04.061706+00:00', '--job-id', '42', '--raw', '--subdir', 'DAGS_FOLDER/preprocess_data_dag.py', '--cfg-path', '/tmp/tmp69_d6vna']
[2024-04-14T18:12:29.772+0200] {standard_task_runner.py:91} INFO - Job 42: Subtask filter_data
[2024-04-14T18:12:29.875+0200] {task_command.py:426} INFO - Running <TaskInstance: preprocess_data_dag.filter_data manual__2024-04-14T16:12:04.061706+00:00 [running]> on host mkgmels73
[2024-04-14T18:12:30.154+0200] {taskinstance.py:2644} INFO - Exporting env vars: AIRFLOW_CTX_DAG_OWNER='mkgmels' AIRFLOW_CTX_DAG_ID='preprocess_data_dag' AIRFLOW_CTX_TASK_ID='filter_data' AIRFLOW_CTX_EXECUTION_DATE='2024-04-14T16:12:04.061706+00:00' AIRFLOW_CTX_TRY_NUMBER='1' AIRFLOW_CTX_DAG_RUN_ID='manual__2024-04-14T16:12:04.061706+00:00'
[2024-04-14T18:12:30.157+0200] {taskinstance.py:430} INFO - ::endgroup::
[2024-04-14T18:12:30.617+0200] {python.py:237} INFO - Done. Returned value was: None
[2024-04-14T18:12:30.618+0200] {taskinstance.py:441} INFO - ::group::Post task execution logs
[2024-04-14T18:12:30.635+0200] {taskinstance.py:1205} INFO - Marking task as SUCCESS. dag_id=preprocess_data_dag, task_id=filter_data, execution_date=20240414T161204, start_date=20240414T161229, end_date=20240414T161230
[2024-04-14T18:12:30.706+0200] {local_task_job_runner.py:240} INFO - Task exited with return code 0
[2024-04-14T18:12:30.772+0200] {taskinstance.py:3482} INFO - 1 downstream tasks scheduled from follow-on schedule check
[2024-04-14T18:12:30.781+0200] {local_task_job_runner.py:222} INFO - ::endgroup::
